#
# A fatal error has been detected by the Java Runtime Environment:
#
#  SIGSEGV (0xb) at pc=0x0000000108632d20, pid=62778, tid=18695
#
# JRE version: Java(TM) SE Runtime Environment (8.0_40-b27) (build 1.8.0_40-b27)
# Java VM: Java HotSpot(TM) 64-Bit Server VM (25.40-b25 mixed mode bsd-amd64 compressed oops)
# Problematic frame:
# V  [libjvm.dylib+0x432d20]  Method::checked_resolve_jmethod_id(_jmethodID*)+0xe
#
# Failed to write core dump. Core dumps have been disabled. To enable core dumping, try "ulimit -c unlimited" before starting Java again
#
# If you would like to submit a bug report, please visit:
#   http://bugreport.java.com/bugreport/crash.jsp
#

---------------  T H R E A D  ---------------

Current thread (0x00007f9871018000):  JavaThread "JDWP Transport Listener: dt_socket" daemon [_thread_in_vm, id=18695, stack(0x000070000f3d2000,0x000070000f4d2000)]

siginfo: si_signo: 11 (SIGSEGV), si_code: 0 (unknown), si_addr: 0x0000000000000000

Registers:
RAX=0x0000000000000001, RBX=0x000070000f4d1aab, RCX=0x00000001089fa190, RDX=0x000070000f4d1aab
RSP=0x000070000f4d19f0, RBP=0x000070000f4d1a00, RSI=0x00007f9871018000, RDI=0x7000000000000003
R8 =0x0000000000000002, R9 =0x0000000000000000, R10=0x0000000000000003, R11=0x0000000000000003
R12=0x00007f9871018000, R13=0x7000000000000003, R14=0x7000000000000003, R15=0x00007f986fc006d0
RIP=0x0000000108632d20, EFLAGS=0x0000000000010206, ERR=0x0000000000000000
  TRAPNO=0x000000000000000d

Top of Stack: (sp=0x000070000f4d19f0)
0x000070000f4d19f0:   000070000f4d1aab 000070000f4d1aab
0x000070000f4d1a00:   000070000f4d1a60 000000010854311a
0x000070000f4d1a10:   00007f9871018000 0000000000000000
0x000070000f4d1a20:   0000000000000000 0000000000000000
0x000070000f4d1a30:   00007f9871018000 00007f9871018000
0x000070000f4d1a40:   000070000f4d1aab 000070000f4d1ab0
0x000070000f4d1a50:   7000000000000003 0000000000000004
0x000070000f4d1a60:   000070000f4d1a80 0000000107981780
0x000070000f4d1a70:   0000000000000001 000070000f4d1b28
0x000070000f4d1a80:   000070000f4d1af0 00000001079661f3
0x000070000f4d1a90:   000070000f4d1ac0 00007f986fd217e0
0x000070000f4d1aa0:   0000000500000032 0000000a004d1b28
0x000070000f4d1ab0:   0000000000000000 0000000000000000
0x000070000f4d1ac0:   0000000000000000 000070000f4d1cb0
0x000070000f4d1ad0:   0000000107988e7a 00007f986fc17410
0x000070000f4d1ae0:   000070000f4d1b28 0000000107994598
0x000070000f4d1af0:   000070000f4d1b00 00000001079662ec
0x000070000f4d1b00:   000070000f4d1d20 000000010796f898
0x000070000f4d1b10:   0006827e00000013 00000000000f0200
0x000070000f4d1b20:   00007f986fc17400 00007f986fd5642e
0x000070000f4d1b30:   00000000000000fa 00007f986fd55e60
0x000070000f4d1b40:   000000000000012c 000070000f4d1b78
0x000070000f4d1b50:   00007f986fd55e60 00007f0000000000
0x000070000f4d1b60:   0006827e00000030 00007f9800004980
0x000070000f4d1b70:   000070000f4d1b78 987f000005000000
0x000070000f4d1b80:   0a000000d022e16f 656d6e6769737341
0x000070000f4d1b90:   4c2841000000746e 6974752f6176616a
0x000070000f4d1ba0:   3b6b636174532f6c 74752f6176616a4c
0x000070000f4d1bb0:   6b636174532f6c69 752f6176616a4c3b
0x000070000f4d1bc0:   617272412f6c6974 49493b7473694c79
0x000070000f4d1bd0:   005629495b5a5b49 76616a4c28830000
0x000070000f4d1be0:   532f6c6974752f61 616a4c3c6b636174 

Instructions: (pc=0x0000000108632d20)
0x0000000108632d00:   40 48 48 85 c0 75 e0 30 c0 0f b6 c0 5d c3 31 c0
0x0000000108632d10:   5d c3 55 48 89 e5 53 48 83 ec 08 48 85 ff 74 24
0x0000000108632d20:   48 8b 1f 48 85 db 74 1c 48 83 fb 37 74 16 48 8b
0x0000000108632d30:   03 48 89 df ff 50 10 84 c0 b8 00 00 00 00 48 0f 

Register to memory mapping:

RAX=0x0000000000000001 is an unknown value
RBX=0x000070000f4d1aab is pointing into the stack for thread: 0x00007f9871018000
RCX=0x00000001089fa190: UseMembar+0 in /Library/Java/JavaVirtualMachines/jdk1.8.0_40.jdk/Contents/Home/jre/lib/server/libjvm.dylib at 0x0000000108200000
RDX=0x000070000f4d1aab is pointing into the stack for thread: 0x00007f9871018000
RSP=0x000070000f4d19f0 is pointing into the stack for thread: 0x00007f9871018000
RBP=0x000070000f4d1a00 is pointing into the stack for thread: 0x00007f9871018000
RSI=0x00007f9871018000 is a thread
RDI=0x7000000000000003 is an unknown value
R8 =0x0000000000000002 is an unknown value
R9 =0x0000000000000000 is an unknown value
R10=0x0000000000000003 is an unknown value
R11=0x0000000000000003 is an unknown value
R12=0x00007f9871018000 is a thread
R13=0x7000000000000003 is an unknown value
R14=0x7000000000000003 is an unknown value
R15=0x00007f986fc006d0 is an unknown value


Stack: [0x000070000f3d2000,0x000070000f4d2000],  sp=0x000070000f4d19f0,  free space=1022k
Native frames: (J=compiled Java code, j=interpreted, Vv=VM code, C=native code)
V  [libjvm.dylib+0x432d20]  Method::checked_resolve_jmethod_id(_jmethodID*)+0xe
V  [libjvm.dylib+0x34311a]  jvmti_IsMethodSynthetic+0xb2
C  [libjdwp.dylib+0x20780]  isMethodSynthetic+0x63
C  [libjdwp.dylib+0x51f3]  methods1+0x10b
C  [libjdwp.dylib+0x52ec]  methodsWithGeneric+0xe
C  [libjdwp.dylib+0xe898]  debugLoop_run+0x1ce
C  [libjdwp.dylib+0x1f6ba]  attachThread+0x4d
V  [libjvm.dylib+0x384060]  JvmtiAgentThread::call_start_function()+0x38
V  [libjvm.dylib+0x549acf]  JavaThread::thread_main_inner()+0x9b
V  [libjvm.dylib+0x54b1c0]  JavaThread::run()+0x1c2
V  [libjvm.dylib+0x46ea8e]  java_start(Thread*)+0xf6
C  [libsystem_pthread.dylib+0x32eb]  _pthread_body+0x7e
C  [libsystem_pthread.dylib+0x6249]  _pthread_start+0x42
C  [libsystem_pthread.dylib+0x240d]  thread_start+0xd
C  0x0000000000000000


---------------  P R O C E S S  ---------------

Java Threads: ( => current thread )
  0x00007f9871033000 JavaThread "Service Thread" daemon [_thread_blocked, id=14851, stack(0x000070000f9e4000,0x000070000fae4000)]
  0x00007f9870801000 JavaThread "C1 CompilerThread2" daemon [_thread_blocked, id=14595, stack(0x000070000f8e1000,0x000070000f9e1000)]
  0x00007f987102a800 JavaThread "C2 CompilerThread1" daemon [_thread_blocked, id=17411, stack(0x000070000f7de000,0x000070000f8de000)]
  0x00007f9871843000 JavaThread "C2 CompilerThread0" daemon [_thread_blocked, id=17667, stack(0x000070000f6db000,0x000070000f7db000)]
  0x00007f9870034000 JavaThread "JDWP Command Reader" daemon [_thread_in_native, id=18179, stack(0x000070000f5d8000,0x000070000f6d8000)]
  0x00007f9871018800 JavaThread "JDWP Event Helper Thread" daemon [_thread_blocked, id=18435, stack(0x000070000f4d5000,0x000070000f5d5000)]
=>0x00007f9871018000 JavaThread "JDWP Transport Listener: dt_socket" daemon [_thread_in_vm, id=18695, stack(0x000070000f3d2000,0x000070000f4d2000)]
  0x00007f987002a800 JavaThread "Signal Dispatcher" daemon [_thread_blocked, id=13571, stack(0x000070000f2cf000,0x000070000f3cf000)]
  0x00007f9870806800 JavaThread "Finalizer" daemon [_thread_blocked, id=12035, stack(0x000070000f1cc000,0x000070000f2cc000)]
  0x00007f987182a000 JavaThread "Reference Handler" daemon [_thread_blocked, id=11523, stack(0x000070000f0c9000,0x000070000f1c9000)]
  0x00007f9871805000 JavaThread "main" [_thread_blocked, id=9475, stack(0x000070000eab7000,0x000070000ebb7000)]

Other Threads:
  0x00007f9871011800 VMThread [stack: 0x000070000efc6000,0x000070000f0c6000] [id=20739]
  0x00007f9870807800 WatcherThread [stack: 0x000070000fae7000,0x000070000fbe7000] [id=16387]

VM state:not at safepoint (normal execution)

VM Mutex/Monitor currently owned by a thread: None

Heap:
 PSYoungGen      total 38400K, used 3336K [0x0000000795580000, 0x0000000798000000, 0x00000007c0000000)
  eden space 33280K, 10% used [0x0000000795580000,0x00000007958c20e0,0x0000000797600000)
  from space 5120K, 0% used [0x0000000797b00000,0x0000000797b00000,0x0000000798000000)
  to   space 5120K, 0% used [0x0000000797600000,0x0000000797600000,0x0000000797b00000)
 ParOldGen       total 87552K, used 0K [0x0000000740000000, 0x0000000745580000, 0x0000000795580000)
  object space 87552K, 0% used [0x0000000740000000,0x0000000740000000,0x0000000745580000)
 Metaspace       used 3513K, capacity 4538K, committed 4864K, reserved 1056768K
  class space    used 398K, capacity 426K, committed 512K, reserved 1048576K

Card table byte_map: [0x0000000109569000,0x000000010996a000] byte_map_base: 0x0000000105b69000

Marking Bits: (ParMarkBitMap*) 0x0000000108ac27a0
 Begin Bits: [0x0000000109c15000, 0x000000010bc15000)
 End Bits:   [0x000000010bc15000, 0x000000010dc15000)

Polling page: 0x0000000107960000

CodeCache: size=245760Kb used=1271Kb max_used=1271Kb free=244488Kb
 bounds [0x0000000113782000, 0x00000001139f2000, 0x0000000122782000]
 total_blobs=362 nmethods=120 adapters=164
 compilation: enabled

Compilation events (10 events):
Event: 0.306 Thread 0x00007f9870801000  116       3       java.util.regex.Pattern$GroupTail::match (111 bytes)
Event: 0.306 Thread 0x00007f9870801000 nmethod 116 0x00000001138be950 code [0x00000001138beae0, 0x00000001138beec8]
Event: 0.307 Thread 0x00007f9870801000  115       1       java.nio.Buffer::capacity (5 bytes)
Event: 0.307 Thread 0x00007f9870801000 nmethod 115 0x00000001138bf1d0 code [0x00000001138bf320, 0x00000001138bf430]
Event: 129.804 Thread 0x00007f9870801000  118  s    3       java.util.Vector::isEmpty (13 bytes)
Event: 129.805 Thread 0x00007f9870801000 nmethod 118 0x00000001138bfa90 code [0x00000001138bfc00, 0x00000001138bff10]
Event: 148.829 Thread 0x00007f9870801000  119       3       java.util.ArrayList::isEmpty (13 bytes)
Event: 148.829 Thread 0x00007f9870801000 nmethod 119 0x00000001138bffd0 code [0x00000001138c0140, 0x00000001138c02f0]
Event: 277.356 Thread 0x00007f9870801000  120       1       java.util.LinkedList::size (5 bytes)
Event: 277.356 Thread 0x00007f9870801000 nmethod 120 0x00000001138c0350 code [0x00000001138c04a0, 0x00000001138c05b0]

GC Heap History (0 events):
No events

Deoptimization events (1 events):
Event: 0.245 Thread 0x00007f9871805000 Uncommon trap: reason=unstable_if action=reinterpret pc=0x00000001138a988c method=java.lang.String.hashCode()I @ 14

Internal exceptions (6 events):
Event: 0.079 Thread 0x00007f9871805000 Exception <a 'java/lang/NoSuchMethodError': Method sun.misc.Unsafe.defineClass(Ljava/lang/String;[BII)Ljava/lang/Class; name or signature does not match> (0x0000000795592db0) thrown at [/Users/java_re/workspace/8-2-build-macosx-x86_64/jdk8u40/3153/hotspot
Event: 0.079 Thread 0x00007f9871805000 Exception <a 'java/lang/NoSuchMethodError': Method sun.misc.Unsafe.prefetchRead(Ljava/lang/Object;J)V name or signature does not match> (0x0000000795593040) thrown at [/Users/java_re/workspace/8-2-build-macosx-x86_64/jdk8u40/3153/hotspot/src/share/vm/prim
Event: 0.274 Thread 0x00007f9871805000 Exception <a 'java/security/PrivilegedActionException'> (0x0000000795874370) thrown at [/Users/java_re/workspace/8-2-build-macosx-x86_64/jdk8u40/3153/hotspot/src/share/vm/prims/jvm.cpp, line 1382]
Event: 0.274 Thread 0x00007f9871805000 Exception <a 'java/security/PrivilegedActionException'> (0x00000007958746b8) thrown at [/Users/java_re/workspace/8-2-build-macosx-x86_64/jdk8u40/3153/hotspot/src/share/vm/prims/jvm.cpp, line 1382]
Event: 0.274 Thread 0x00007f9871805000 Exception <a 'java/security/PrivilegedActionException'> (0x0000000795877a38) thrown at [/Users/java_re/workspace/8-2-build-macosx-x86_64/jdk8u40/3153/hotspot/src/share/vm/prims/jvm.cpp, line 1382]
Event: 0.274 Thread 0x00007f9871805000 Exception <a 'java/security/PrivilegedActionException'> (0x0000000795877d80) thrown at [/Users/java_re/workspace/8-2-build-macosx-x86_64/jdk8u40/3153/hotspot/src/share/vm/prims/jvm.cpp, line 1382]

Events (10 events):
Event: 515.354 Executing VM operation: GetOrSetLocal
Event: 515.354 Executing VM operation: GetOrSetLocal done
Event: 515.354 Executing VM operation: GetOrSetLocal
Event: 515.354 Executing VM operation: GetOrSetLocal done
Event: 515.354 Executing VM operation: GetOrSetLocal
Event: 515.354 Executing VM operation: GetOrSetLocal done
Event: 584.264 Executing VM operation: ChangeBreakpoints
Event: 584.264 Executing VM operation: ChangeBreakpoints done
Event: 584.267 Executing VM operation: RedefineClasses
Event: 584.274 Executing VM operation: RedefineClasses done


Dynamic libraries:
0x0000000011c91000 	/System/Library/Frameworks/Cocoa.framework/Versions/A/Cocoa
0x0000000011c91000 	/System/Library/Frameworks/Security.framework/Versions/A/Security
0x0000000011c91000 	/System/Library/Frameworks/ApplicationServices.framework/Versions/A/ApplicationServices
0x0000000011c91000 	/usr/lib/libz.1.dylib
0x0000000011c91000 	/usr/lib/libSystem.B.dylib
0x0000000011c91000 	/usr/lib/libobjc.A.dylib
0x0000000011c91000 	/System/Library/Frameworks/CoreFoundation.framework/Versions/A/CoreFoundation
0x0000000011c91000 	/System/Library/Frameworks/Foundation.framework/Versions/C/Foundation
0x0000000011c91000 	/System/Library/Frameworks/AppKit.framework/Versions/C/AppKit
0x0000000011c91000 	/System/Library/Frameworks/CoreData.framework/Versions/A/CoreData
0x0000000011c91000 	/System/Library/PrivateFrameworks/RemoteViewServices.framework/Versions/A/RemoteViewServices
0x0000000011c91000 	/System/Library/PrivateFrameworks/UIFoundation.framework/Versions/A/UIFoundation
0x0000000011c91000 	/System/Library/PrivateFrameworks/XCTTargetBootstrap.framework/Versions/A/XCTTargetBootstrap
0x0000000011c91000 	/System/Library/PrivateFrameworks/IconServices.framework/Versions/A/IconServices
0x0000000011c91000 	/System/Library/Frameworks/Metal.framework/Versions/A/Metal
0x0000000011c91000 	/System/Library/PrivateFrameworks/DesktopServicesPriv.framework/Versions/A/DesktopServicesPriv
0x0000000011c91000 	/usr/lib/libenergytrace.dylib
0x0000000011c91000 	/System/Library/PrivateFrameworks/SkyLight.framework/Versions/A/SkyLight
0x0000000011c91000 	/System/Library/Frameworks/CoreGraphics.framework/Versions/A/CoreGraphics
0x0000000011c91000 	/System/Library/Frameworks/Accelerate.framework/Versions/A/Accelerate
0x0000000011c91000 	/System/Library/Frameworks/IOSurface.framework/Versions/A/IOSurface
0x0000000011c91000 	/System/Library/PrivateFrameworks/DFRFoundation.framework/Versions/A/DFRFoundation
0x0000000011c91000 	/System/Library/Frameworks/AudioToolbox.framework/Versions/A/AudioToolbox
0x0000000011c91000 	/System/Library/Frameworks/AudioUnit.framework/Versions/A/AudioUnit
0x0000000011c91000 	/System/Library/PrivateFrameworks/DataDetectorsCore.framework/Versions/A/DataDetectorsCore
0x0000000011c91000 	/System/Library/Frameworks/Carbon.framework/Versions/A/Frameworks/HIToolbox.framework/Versions/A/HIToolbox
0x0000000011c91000 	/usr/lib/libicucore.A.dylib
0x0000000011c91000 	/System/Library/Frameworks/QuartzCore.framework/Versions/A/QuartzCore
0x0000000011c91000 	/System/Library/Frameworks/Carbon.framework/Versions/A/Frameworks/SpeechRecognition.framework/Versions/A/SpeechRecognition
0x0000000011c91000 	/usr/lib/libauto.dylib
0x0000000011c91000 	/usr/lib/libxml2.2.dylib
0x0000000011c91000 	/System/Library/PrivateFrameworks/CoreUI.framework/Versions/A/CoreUI
0x0000000011c91000 	/System/Library/Frameworks/CoreAudio.framework/Versions/A/CoreAudio
0x0000000011c91000 	/System/Library/Frameworks/DiskArbitration.framework/Versions/A/DiskArbitration
0x0000000011c91000 	/usr/lib/liblangid.dylib
0x0000000011c91000 	/System/Library/PrivateFrameworks/MultitouchSupport.framework/Versions/A/MultitouchSupport
0x0000000011c91000 	/System/Library/Frameworks/IOKit.framework/Versions/A/IOKit
0x0000000011c91000 	/usr/lib/libDiagnosticMessagesClient.dylib
0x0000000011c91000 	/System/Library/Frameworks/CoreServices.framework/Versions/A/CoreServices
0x0000000011c91000 	/System/Library/PrivateFrameworks/PerformanceAnalysis.framework/Versions/A/PerformanceAnalysis
0x0000000011c91000 	/System/Library/Frameworks/OpenGL.framework/Versions/A/OpenGL
0x0000000011c91000 	/System/Library/Frameworks/ColorSync.framework/Versions/A/ColorSync
0x0000000011c91000 	/System/Library/Frameworks/CoreImage.framework/Versions/A/CoreImage
0x0000000011c91000 	/System/Library/Frameworks/CoreText.framework/Versions/A/CoreText
0x0000000011c91000 	/System/Library/Frameworks/ImageIO.framework/Versions/A/ImageIO
0x0000000011c91000 	/System/Library/PrivateFrameworks/Backup.framework/Versions/A/Backup
0x0000000011c91000 	/usr/lib/libarchive.2.dylib
0x0000000011c91000 	/System/Library/Frameworks/CFNetwork.framework/Versions/A/CFNetwork
0x0000000011c91000 	/System/Library/Frameworks/SystemConfiguration.framework/Versions/A/SystemConfiguration
0x0000000011c91000 	/usr/lib/libCRFSuite.dylib
0x0000000011c91000 	/usr/lib/libc++.1.dylib
0x0000000011c91000 	/usr/lib/libc++abi.dylib
0x0000000011c91000 	/usr/lib/system/libcache.dylib
0x0000000011c91000 	/usr/lib/system/libcommonCrypto.dylib
0x0000000011c91000 	/usr/lib/system/libcompiler_rt.dylib
0x0000000011c91000 	/usr/lib/system/libcopyfile.dylib
0x0000000011c91000 	/usr/lib/system/libcorecrypto.dylib
0x0000000011c91000 	/usr/lib/system/libdispatch.dylib
0x0000000011c91000 	/usr/lib/system/libdyld.dylib
0x0000000011c91000 	/usr/lib/system/libkeymgr.dylib
0x0000000011c91000 	/usr/lib/system/liblaunch.dylib
0x0000000011c91000 	/usr/lib/system/libmacho.dylib
0x0000000011c91000 	/usr/lib/system/libquarantine.dylib
0x0000000011c91000 	/usr/lib/system/libremovefile.dylib
0x0000000011c91000 	/usr/lib/system/libsystem_asl.dylib
0x0000000011c91000 	/usr/lib/system/libsystem_blocks.dylib
0x0000000011c91000 	/usr/lib/system/libsystem_c.dylib
0x0000000011c91000 	/usr/lib/system/libsystem_configuration.dylib
0x0000000011c91000 	/usr/lib/system/libsystem_coreservices.dylib
0x0000000011c91000 	/usr/lib/system/libsystem_darwin.dylib
0x0000000011c91000 	/usr/lib/system/libsystem_dnssd.dylib
0x0000000011c91000 	/usr/lib/system/libsystem_info.dylib
0x0000000011c91000 	/usr/lib/system/libsystem_m.dylib
0x0000000011c91000 	/usr/lib/system/libsystem_malloc.dylib
0x0000000011c91000 	/usr/lib/system/libsystem_networkextension.dylib
0x0000000011c91000 	/usr/lib/system/libsystem_notify.dylib
0x0000000011c91000 	/usr/lib/system/libsystem_sandbox.dylib
0x0000000011c91000 	/usr/lib/system/libsystem_secinit.dylib
0x0000000011c91000 	/usr/lib/system/libsystem_kernel.dylib
0x0000000011c91000 	/usr/lib/system/libsystem_platform.dylib
0x0000000011c91000 	/usr/lib/system/libsystem_pthread.dylib
0x0000000011c91000 	/usr/lib/system/libsystem_symptoms.dylib
0x0000000011c91000 	/usr/lib/system/libsystem_trace.dylib
0x0000000011c91000 	/usr/lib/system/libunwind.dylib
0x0000000011c91000 	/usr/lib/system/libxpc.dylib
0x0000000011c91000 	/usr/lib/libbsm.0.dylib
0x0000000011c91000 	/usr/lib/system/libkxld.dylib
0x0000000011c91000 	/System/Library/PrivateFrameworks/AppleFSCompression.framework/Versions/A/AppleFSCompression
0x0000000011c91000 	/usr/lib/libOpenScriptingUtil.dylib
0x0000000011c91000 	/usr/lib/libcoretls.dylib
0x0000000011c91000 	/usr/lib/libcoretls_cfhelpers.dylib
0x0000000011c91000 	/usr/lib/libpam.2.dylib
0x0000000011c91000 	/usr/lib/libsqlite3.dylib
0x0000000011c91000 	/usr/lib/libxar.1.dylib
0x0000000011c91000 	/usr/lib/libbz2.1.0.dylib
0x0000000011c91000 	/usr/lib/liblzma.5.dylib
0x0000000011c91000 	/usr/lib/libnetwork.dylib
0x0000000011c91000 	/usr/lib/libapple_nghttp2.dylib
0x0000000011c91000 	/usr/lib/libpcap.A.dylib
0x0000000011c91000 	/System/Library/Frameworks/CoreServices.framework/Versions/A/Frameworks/FSEvents.framework/Versions/A/FSEvents
0x0000000011c91000 	/System/Library/Frameworks/CoreServices.framework/Versions/A/Frameworks/CarbonCore.framework/Versions/A/CarbonCore
0x0000000011c91000 	/System/Library/Frameworks/CoreServices.framework/Versions/A/Frameworks/Metadata.framework/Versions/A/Metadata
0x0000000011c91000 	/System/Library/Frameworks/CoreServices.framework/Versions/A/Frameworks/OSServices.framework/Versions/A/OSServices
0x0000000011c91000 	/System/Library/Frameworks/CoreServices.framework/Versions/A/Frameworks/SearchKit.framework/Versions/A/SearchKit
0x0000000011c91000 	/System/Library/Frameworks/CoreServices.framework/Versions/A/Frameworks/AE.framework/Versions/A/AE
0x0000000011c91000 	/System/Library/Frameworks/CoreServices.framework/Versions/A/Frameworks/LaunchServices.framework/Versions/A/LaunchServices
0x0000000011c91000 	/System/Library/Frameworks/CoreServices.framework/Versions/A/Frameworks/DictionaryServices.framework/Versions/A/DictionaryServices
0x0000000011c91000 	/System/Library/Frameworks/CoreServices.framework/Versions/A/Frameworks/SharedFileList.framework/Versions/A/SharedFileList
0x0000000011c91000 	/System/Library/Frameworks/NetFS.framework/Versions/A/NetFS
0x0000000011c91000 	/System/Library/PrivateFrameworks/NetAuth.framework/Versions/A/NetAuth
0x0000000011c91000 	/System/Library/PrivateFrameworks/login.framework/Versions/A/Frameworks/loginsupport.framework/Versions/A/loginsupport
0x0000000011c91000 	/System/Library/PrivateFrameworks/TCC.framework/Versions/A/TCC
0x0000000011c91000 	/System/Library/PrivateFrameworks/CoreNLP.framework/Versions/A/CoreNLP
0x0000000011c91000 	/System/Library/PrivateFrameworks/MetadataUtilities.framework/Versions/A/MetadataUtilities
0x0000000011c91000 	/usr/lib/libmecabra.dylib
0x0000000011c91000 	/System/Library/Frameworks/ApplicationServices.framework/Versions/A/Frameworks/ATS.framework/Versions/A/ATS
0x0000000011c91000 	/System/Library/Frameworks/ApplicationServices.framework/Versions/A/Frameworks/ColorSyncLegacy.framework/Versions/A/ColorSyncLegacy
0x0000000011c91000 	/System/Library/Frameworks/ApplicationServices.framework/Versions/A/Frameworks/HIServices.framework/Versions/A/HIServices
0x0000000011c91000 	/System/Library/Frameworks/ApplicationServices.framework/Versions/A/Frameworks/LangAnalysis.framework/Versions/A/LangAnalysis
0x0000000011c91000 	/System/Library/Frameworks/ApplicationServices.framework/Versions/A/Frameworks/PrintCore.framework/Versions/A/PrintCore
0x0000000011c91000 	/System/Library/Frameworks/ApplicationServices.framework/Versions/A/Frameworks/QD.framework/Versions/A/QD
0x0000000011c91000 	/System/Library/Frameworks/ApplicationServices.framework/Versions/A/Frameworks/SpeechSynthesis.framework/Versions/A/SpeechSynthesis
0x0000000011c91000 	/usr/lib/libcompression.dylib
0x0000000011c91000 	/System/Library/Frameworks/CoreDisplay.framework/Versions/A/CoreDisplay
0x0000000011c91000 	/System/Library/Frameworks/MetalPerformanceShaders.framework/Versions/A/MetalPerformanceShaders
0x0000000011c91000 	/System/Library/Frameworks/Accelerate.framework/Versions/A/Frameworks/vImage.framework/Versions/A/vImage
0x0000000011c91000 	/System/Library/Frameworks/Accelerate.framework/Versions/A/Frameworks/vecLib.framework/Versions/A/vecLib
0x0000000011c91000 	/System/Library/Frameworks/Accelerate.framework/Versions/A/Frameworks/vecLib.framework/Versions/A/libvMisc.dylib
0x0000000011c91000 	/System/Library/Frameworks/Accelerate.framework/Versions/A/Frameworks/vecLib.framework/Versions/A/libvDSP.dylib
0x0000000011c91000 	/System/Library/Frameworks/Accelerate.framework/Versions/A/Frameworks/vecLib.framework/Versions/A/libBLAS.dylib
0x0000000011c91000 	/System/Library/Frameworks/Accelerate.framework/Versions/A/Frameworks/vecLib.framework/Versions/A/libLAPACK.dylib
0x0000000011c91000 	/System/Library/Frameworks/Accelerate.framework/Versions/A/Frameworks/vecLib.framework/Versions/A/libLinearAlgebra.dylib
0x0000000011c91000 	/System/Library/Frameworks/Accelerate.framework/Versions/A/Frameworks/vecLib.framework/Versions/A/libSparseBLAS.dylib
0x0000000011c91000 	/System/Library/Frameworks/Accelerate.framework/Versions/A/Frameworks/vecLib.framework/Versions/A/libQuadrature.dylib
0x0000000011c91000 	/System/Library/Frameworks/Accelerate.framework/Versions/A/Frameworks/vecLib.framework/Versions/A/libBNNS.dylib
0x0000000011c91000 	/System/Library/Frameworks/Accelerate.framework/Versions/A/Frameworks/vecLib.framework/Versions/A/libSparse.dylib
0x0000000011c91000 	/System/Library/PrivateFrameworks/GPUWrangler.framework/Versions/A/GPUWrangler
0x0000000011c91000 	/System/Library/PrivateFrameworks/IOAccelerator.framework/Versions/A/IOAccelerator
0x0000000011c91000 	/System/Library/PrivateFrameworks/IOPresentment.framework/Versions/A/IOPresentment
0x0000000011c91000 	/System/Library/PrivateFrameworks/DSExternalDisplay.framework/Versions/A/DSExternalDisplay
0x0000000011c91000 	/System/Library/Frameworks/OpenGL.framework/Versions/A/Libraries/libCoreFSCache.dylib
0x0000000011c91000 	/System/Library/Frameworks/MetalPerformanceShaders.framework/Frameworks/MPSCore.framework/Versions/A/MPSCore
0x0000000011c91000 	/System/Library/Frameworks/MetalPerformanceShaders.framework/Frameworks/MPSImage.framework/Versions/A/MPSImage
0x0000000011c91000 	/System/Library/Frameworks/MetalPerformanceShaders.framework/Frameworks/MPSNeuralNetwork.framework/Versions/A/MPSNeuralNetwork
0x0000000011c91000 	/System/Library/Frameworks/MetalPerformanceShaders.framework/Frameworks/MPSMatrix.framework/Versions/A/MPSMatrix
0x0000000011c91000 	/System/Library/Frameworks/MetalPerformanceShaders.framework/Frameworks/MPSRayIntersector.framework/Versions/A/MPSRayIntersector
0x0000000011c91000 	/System/Library/PrivateFrameworks/MetalTools.framework/Versions/A/MetalTools
0x0000000011c91000 	/System/Library/PrivateFrameworks/AggregateDictionary.framework/Versions/A/AggregateDictionary
0x0000000011c91000 	/usr/lib/libMobileGestalt.dylib
0x0000000011c91000 	/System/Library/Frameworks/CoreVideo.framework/Versions/A/CoreVideo
0x0000000011c91000 	/System/Library/PrivateFrameworks/GraphVisualizer.framework/Versions/A/GraphVisualizer
0x0000000011c91000 	/System/Library/PrivateFrameworks/FaceCore.framework/Versions/A/FaceCore
0x0000000011c91000 	/System/Library/Frameworks/OpenCL.framework/Versions/A/OpenCL
0x0000000011c91000 	/usr/lib/libFosl_dynamic.dylib
0x0000000011c91000 	/System/Library/PrivateFrameworks/OTSVG.framework/Versions/A/OTSVG
0x0000000011c91000 	/System/Library/Frameworks/ApplicationServices.framework/Versions/A/Frameworks/ATS.framework/Versions/A/Resources/libFontParser.dylib
0x0000000011c91000 	/System/Library/Frameworks/ApplicationServices.framework/Versions/A/Frameworks/ATS.framework/Versions/A/Resources/libFontRegistry.dylib
0x0000000011c91000 	/System/Library/Frameworks/ImageIO.framework/Versions/A/Resources/libJPEG.dylib
0x0000000011c91000 	/System/Library/Frameworks/ImageIO.framework/Versions/A/Resources/libTIFF.dylib
0x0000000011c91000 	/System/Library/Frameworks/ImageIO.framework/Versions/A/Resources/libPng.dylib
0x0000000011c91000 	/System/Library/Frameworks/ImageIO.framework/Versions/A/Resources/libGIF.dylib
0x0000000011c91000 	/System/Library/Frameworks/ImageIO.framework/Versions/A/Resources/libJP2.dylib
0x0000000011c91000 	/System/Library/Frameworks/ImageIO.framework/Versions/A/Resources/libRadiance.dylib
0x0000000011c91000 	/System/Library/PrivateFrameworks/AppleJPEG.framework/Versions/A/AppleJPEG
0x0000000011c91000 	/System/Library/Frameworks/OpenGL.framework/Versions/A/Libraries/libGFXShared.dylib
0x0000000011c91000 	/System/Library/Frameworks/OpenGL.framework/Versions/A/Libraries/libGLU.dylib
0x0000000011c91000 	/System/Library/Frameworks/OpenGL.framework/Versions/A/Libraries/libGL.dylib
0x0000000011c91000 	/System/Library/Frameworks/OpenGL.framework/Versions/A/Libraries/libGLImage.dylib
0x0000000011c91000 	/System/Library/Frameworks/OpenGL.framework/Versions/A/Libraries/libCVMSPluginSupport.dylib
0x0000000011c91000 	/System/Library/Frameworks/OpenGL.framework/Versions/A/Libraries/libCoreVMClient.dylib
0x0000000011c91000 	/usr/lib/libcups.2.dylib
0x0000000011c91000 	/System/Library/Frameworks/Kerberos.framework/Versions/A/Kerberos
0x0000000011c91000 	/System/Library/Frameworks/GSS.framework/Versions/A/GSS
0x0000000011c91000 	/usr/lib/libresolv.9.dylib
0x0000000011c91000 	/usr/lib/libiconv.2.dylib
0x0000000011c91000 	/System/Library/PrivateFrameworks/Heimdal.framework/Versions/A/Heimdal
0x0000000011c91000 	/usr/lib/libheimdal-asn1.dylib
0x0000000011c91000 	/System/Library/Frameworks/OpenDirectory.framework/Versions/A/OpenDirectory
0x0000000011c91000 	/System/Library/PrivateFrameworks/CommonAuth.framework/Versions/A/CommonAuth
0x0000000011c91000 	/System/Library/Frameworks/OpenDirectory.framework/Versions/A/Frameworks/CFOpenDirectory.framework/Versions/A/CFOpenDirectory
0x0000000011c91000 	/System/Library/Frameworks/SecurityFoundation.framework/Versions/A/SecurityFoundation
0x0000000011c91000 	/System/Library/PrivateFrameworks/APFS.framework/Versions/A/APFS
0x0000000011c91000 	/usr/lib/libutil.dylib
0x0000000011c91000 	/usr/lib/libcharset.1.dylib
0x0000000011c91000 	/System/Library/PrivateFrameworks/AppleSauce.framework/Versions/A/AppleSauce
0x0000000011c91000 	/System/Library/PrivateFrameworks/AssertionServices.framework/Versions/A/AssertionServices
0x0000000011c91000 	/System/Library/PrivateFrameworks/BaseBoard.framework/Versions/A/BaseBoard
0x0000000011c91000 	/usr/lib/libmecab.1.0.0.dylib
0x0000000011c91000 	/usr/lib/libgermantok.dylib
0x0000000011c91000 	/usr/lib/libThaiTokenizer.dylib
0x0000000011c91000 	/usr/lib/libChineseTokenizer.dylib
0x0000000011c91000 	/System/Library/PrivateFrameworks/LanguageModeling.framework/Versions/A/LanguageModeling
0x0000000011c91000 	/System/Library/PrivateFrameworks/CoreEmoji.framework/Versions/A/CoreEmoji
0x0000000011c91000 	/System/Library/PrivateFrameworks/Lexicon.framework/Versions/A/Lexicon
0x0000000011c91000 	/System/Library/PrivateFrameworks/LinguisticData.framework/Versions/A/LinguisticData
0x0000000011c91000 	/usr/lib/libcmph.dylib
0x0000000011c91000 	/System/Library/Frameworks/ServiceManagement.framework/Versions/A/ServiceManagement
0x0000000011c91000 	/System/Library/PrivateFrameworks/BackgroundTaskManagement.framework/Versions/A/BackgroundTaskManagement
0x0000000011c91000 	/usr/lib/libxslt.1.dylib
0x0000000011c91000 	/System/Library/Frameworks/Carbon.framework/Versions/A/Frameworks/Ink.framework/Versions/A/Ink
0x0000000011c91000 	/System/Library/PrivateFrameworks/TextureIO.framework/Versions/A/TextureIO
0x0000000011c91000 	/usr/lib/libate.dylib
0x0000000011c91000 	/System/Library/PrivateFrameworks/CrashReporterSupport.framework/Versions/A/CrashReporterSupport
0x0000000011c91000 	/System/Library/PrivateFrameworks/Sharing.framework/Versions/A/Sharing
0x0000000011c91000 	/System/Library/PrivateFrameworks/AuthKit.framework/Versions/A/AuthKit
0x0000000011c91000 	/System/Library/PrivateFrameworks/Apple80211.framework/Versions/A/Apple80211
0x0000000011c91000 	/System/Library/PrivateFrameworks/CoreUtils.framework/Versions/A/CoreUtils
0x0000000011c91000 	/System/Library/Frameworks/CoreWLAN.framework/Versions/A/CoreWLAN
0x0000000011c91000 	/System/Library/Frameworks/IOBluetooth.framework/Versions/A/IOBluetooth
0x0000000011c91000 	/System/Library/PrivateFrameworks/ProtocolBuffer.framework/Versions/A/ProtocolBuffer
0x0000000011c91000 	/System/Library/PrivateFrameworks/MobileKeyBag.framework/Versions/A/MobileKeyBag
0x0000000011c91000 	/System/Library/PrivateFrameworks/CorePhoneNumbers.framework/Versions/A/CorePhoneNumbers
0x0000000011c91000 	/System/Library/PrivateFrameworks/AppleIDAuthSupport.framework/Versions/A/AppleIDAuthSupport
0x0000000011c91000 	/System/Library/PrivateFrameworks/KeychainCircle.framework/Versions/A/KeychainCircle
0x0000000011c91000 	/System/Library/PrivateFrameworks/ROCKit.framework/Versions/A/ROCKit
0x0000000011c91000 	/System/Library/PrivateFrameworks/CoreWiFi.framework/Versions/A/CoreWiFi
0x0000000011c91000 	/System/Library/Frameworks/CoreBluetooth.framework/Versions/A/CoreBluetooth
0x0000000011c91000 	/System/Library/PrivateFrameworks/DebugSymbols.framework/Versions/A/DebugSymbols
0x0000000011c91000 	/System/Library/PrivateFrameworks/CoreSymbolication.framework/Versions/A/CoreSymbolication
0x0000000011c91000 	/System/Library/PrivateFrameworks/Symbolication.framework/Versions/A/Symbolication
0x0000000011c91000 	/System/Library/PrivateFrameworks/SpeechRecognitionCore.framework/Versions/A/SpeechRecognitionCore
0x0000000108200000 	/Library/Java/JavaVirtualMachines/jdk1.8.0_40.jdk/Contents/Home/jre/lib/server/libjvm.dylib
0x0000000011c91000 	/usr/lib/libstdc++.6.dylib
0x000000010791d000 	/Library/Java/JavaVirtualMachines/jdk1.8.0_40.jdk/Contents/Home/jre/lib/libverify.dylib
0x000000010792b000 	/Library/Java/JavaVirtualMachines/jdk1.8.0_40.jdk/Contents/Home/jre/lib/libjava.dylib
0x0000000107961000 	/Library/Java/JavaVirtualMachines/jdk1.8.0_40.jdk/Contents/Home/jre/lib/libjdwp.dylib
0x00000001079ac000 	/Library/Java/JavaVirtualMachines/jdk1.8.0_40.jdk/Contents/Home/jre/lib/libnpt.dylib
0x00000001079d3000 	/Library/Java/JavaVirtualMachines/jdk1.8.0_40.jdk/Contents/Home/jre/lib/libzip.dylib
0x0000000011c91000 	/System/Library/Frameworks/JavaVM.framework/Versions/A/Frameworks/JavaRuntimeSupport.framework/Versions/A/JavaRuntimeSupport
0x0000000011c91000 	/System/Library/Frameworks/JavaVM.framework/Versions/A/Frameworks/JavaNativeFoundation.framework/Versions/A/JavaNativeFoundation
0x0000000011c91000 	/System/Library/Frameworks/JavaVM.framework/Versions/A/JavaVM
0x0000000011c91000 	/System/Library/Frameworks/Carbon.framework/Versions/A/Carbon
0x0000000011c91000 	/System/Library/PrivateFrameworks/JavaLaunching.framework/Versions/A/JavaLaunching
0x0000000011c91000 	/System/Library/Frameworks/Carbon.framework/Versions/A/Frameworks/CommonPanels.framework/Versions/A/CommonPanels
0x0000000011c91000 	/System/Library/Frameworks/Carbon.framework/Versions/A/Frameworks/Help.framework/Versions/A/Help
0x0000000011c91000 	/System/Library/Frameworks/Carbon.framework/Versions/A/Frameworks/ImageCapture.framework/Versions/A/ImageCapture
0x0000000011c91000 	/System/Library/Frameworks/Carbon.framework/Versions/A/Frameworks/OpenScripting.framework/Versions/A/OpenScripting
0x0000000011c91000 	/System/Library/Frameworks/Carbon.framework/Versions/A/Frameworks/Print.framework/Versions/A/Print
0x0000000011c91000 	/System/Library/Frameworks/Carbon.framework/Versions/A/Frameworks/SecurityHI.framework/Versions/A/SecurityHI
0x0000000111512000 	/Library/Java/JavaVirtualMachines/jdk1.8.0_40.jdk/Contents/Home/jre/lib/libdt_socket.dylib

VM Arguments:
jvm_args: -agentlib:jdwp=transport=dt_socket,address=127.0.0.1:58676,suspend=y,server=n -Dfile.encoding=UTF-8 
java_command: Main
java_class_path (initial): /Library/Java/JavaVirtualMachines/jdk1.8.0_40.jdk/Contents/Home/jre/lib/charsets.jar:/Library/Java/JavaVirtualMachines/jdk1.8.0_40.jdk/Contents/Home/jre/lib/deploy.jar:/Library/Java/JavaVirtualMachines/jdk1.8.0_40.jdk/Contents/Home/jre/lib/ext/cldrdata.jar:/Library/Java/JavaVirtualMachines/jdk1.8.0_40.jdk/Contents/Home/jre/lib/ext/dnsns.jar:/Library/Java/JavaVirtualMachines/jdk1.8.0_40.jdk/Contents/Home/jre/lib/ext/jfxrt.jar:/Library/Java/JavaVirtualMachines/jdk1.8.0_40.jdk/Contents/Home/jre/lib/ext/localedata.jar:/Library/Java/JavaVirtualMachines/jdk1.8.0_40.jdk/Contents/Home/jre/lib/ext/nashorn.jar:/Library/Java/JavaVirtualMachines/jdk1.8.0_40.jdk/Contents/Home/jre/lib/ext/sunec.jar:/Library/Java/JavaVirtualMachines/jdk1.8.0_40.jdk/Contents/Home/jre/lib/ext/sunjce_provider.jar:/Library/Java/JavaVirtualMachines/jdk1.8.0_40.jdk/Contents/Home/jre/lib/ext/sunpkcs11.jar:/Library/Java/JavaVirtualMachines/jdk1.8.0_40.jdk/Contents/Home/jre/lib/ext/zipfs.jar:/Library/Java/JavaVirtualMachines/jdk1.8.0_40.jdk/Contents/Home/jre/lib/javaws.jar:/Library/Java/JavaVirtualMachines/jdk1.8.0_40.jdk/Contents/Home/jre/lib/jce.jar:/Library/Java/JavaVirtualMachines/jdk1.8.0_40.jdk/Contents/Home/jre/lib/jfr.jar:/Library/Java/JavaVirtualMachines/jdk1.8.0_40.jdk/Contents/Home/jre/lib/jfxswt.jar:/Library/Java/JavaVirtualMachines/jdk1.8.0_40.jdk/Contents/Home/jre/lib/jsse.jar:/Library/Java/JavaVirtualMachines/jdk1.8.0_40.jdk/Contents/Home/jre/lib/management-agent.jar:/Library/Java/JavaVirtualMachines/jdk1.8.0_40.jdk/Contents/Home/jre/lib/plugin.jar:/Library/Java/JavaVirtualMachines/jdk1.8.0_40.jdk/Contents/Home/jre/lib/resources.jar:/Library/Java/JavaVirtualMachines/jdk1.8.0_40.jdk/Contents/Home/jre/lib/rt.jar:/Library/Java/JavaVirtualMachines/jdk1.8.0_40.jdk/Contents/Home/lib/ant-javafx.jar:/Library/Java/JavaVirtualMachines/jdk1.8.0_40.jdk/Contents/Home/lib/dt.jar:/Library/Java/JavaVirtualMachines/jdk1.8.0_40.jdk/Contents/Home/lib/javafx-mx.jar:/Library/Java/Jav
Launcher Type: SUN_STANDARD

Environment Variables:
PATH=/usr/local/bin:/usr/bin:/bin:/usr/sbin:/sbin:/opt/X11/bin:/Applications/Wireshark.app/Contents/MacOS:/Users/Mac/Library/Android/sdk/tools:/Users/Mac/Library/Android/sdk/platform-tools
SHELL=/usr/local/bin/bash
DISPLAY=/private/tmp/com.apple.launchd.w5ebpvd59N/org.macosforge.xquartz:0

Signal Handlers:
SIGSEGV: [libjvm.dylib+0x58ef95], sa_mask[0]=11111111011111110111111111111111, sa_flags=SA_ONSTACK|SA_RESTART|SA_SIGINFO
SIGBUS: [libjvm.dylib+0x58ef95], sa_mask[0]=11111111011111110111111111111111, sa_flags=SA_RESTART|SA_SIGINFO
SIGFPE: [libjvm.dylib+0x46c118], sa_mask[0]=11111111011111110111111111111111, sa_flags=SA_RESTART|SA_SIGINFO
SIGPIPE: [libjvm.dylib+0x46c118], sa_mask[0]=11111111011111110111111111111111, sa_flags=SA_RESTART|SA_SIGINFO
SIGXFSZ: [libjvm.dylib+0x46c118], sa_mask[0]=11111111011111110111111111111111, sa_flags=SA_RESTART|SA_SIGINFO
SIGILL: [libjvm.dylib+0x46c118], sa_mask[0]=11111111011111110111111111111111, sa_flags=SA_RESTART|SA_SIGINFO
SIGUSR1: SIG_DFL, sa_mask[0]=00000000000000000000000000000000, sa_flags=none
SIGUSR2: [libjvm.dylib+0x46bc36], sa_mask[0]=00100000000000000000000000000000, sa_flags=SA_RESTART|SA_SIGINFO
SIGHUP: [libjvm.dylib+0x46a209], sa_mask[0]=11111111011111110111111111111111, sa_flags=SA_RESTART|SA_SIGINFO
SIGINT: [libjvm.dylib+0x46a209], sa_mask[0]=11111111011111110111111111111111, sa_flags=SA_RESTART|SA_SIGINFO
SIGTERM: [libjvm.dylib+0x46a209], sa_mask[0]=11111111011111110111111111111111, sa_flags=SA_RESTART|SA_SIGINFO
SIGQUIT: [libjvm.dylib+0x46a209], sa_mask[0]=11111111011111110111111111111111, sa_flags=SA_RESTART|SA_SIGINFO


---------------  S Y S T E M  ---------------

OS:Bsduname:Darwin 18.5.0 Darwin Kernel Version 18.5.0: Mon Mar 11 20:40:32 PDT 2019; root:xnu-4903.251.3~3/RELEASE_X86_64 x86_64
rlimit: STACK 8192k, CORE 0k, NPROC 709, NOFILE 10240, AS infinity
load average:2.88 3.00 3.21

CPU:total 4 (2 cores per cpu, 2 threads per core) family 6 model 61 stepping 4, cmov, cx8, fxsr, mmx, sse, sse2, sse3, ssse3, sse4.1, sse4.2, popcnt, avx, avx2, aes, clmul, erms, 3dnowpref, lzcnt, ht, tsc, tscinvbit, bmi1, bmi2, adx

Memory: 4k page, physical 8388608k(212704k free)

/proc/meminfo:


vm_info: Java HotSpot(TM) 64-Bit Server VM (25.40-b25) for bsd-amd64 JRE (1.8.0_40-b27), built on Mar 13 2015 04:46:52 by "java_re" with gcc 4.2.1 (Based on Apple Inc. build 5658) (LLVM build 2336.11.00)

time: Fri Apr  5 03:27:38 2019
elapsed time: 584 seconds (0d 0h 9m 44s)

